[2020-01-19T09:37:36.126] [DEBUG] cheese - login => username:zs,password:123456
[2020-01-19T09:37:36.129] [DEBUG] cheese - zs
[2020-01-19T09:37:36.144] [DEBUG] cheese - null
[2020-01-19T09:37:36.144] [DEBUG] cheese - null
[2020-01-19T09:37:45.423] [DEBUG] cheese - login => username:admin,password:123456
[2020-01-19T09:37:45.423] [DEBUG] cheese - admin
[2020-01-19T09:37:45.432] [DEBUG] cheese - null
[2020-01-19T09:37:45.432] [DEBUG] cheese - null
[2020-01-19T14:58:49.600] [DEBUG] cheese - login => username:admin,password:123456
[2020-01-19T14:58:49.602] [DEBUG] cheese - admin
[2020-01-19T14:58:49.617] [DEBUG] cheese - null
[2020-01-19T14:58:49.618] [DEBUG] cheese - null
[2020-01-19T14:59:44.235] [DEBUG] cheese - login => username:admin,password:123456
[2020-01-19T14:59:44.235] [DEBUG] cheese - admin
[2020-01-19T14:59:44.238] [DEBUG] cheese - null
[2020-01-19T14:59:44.239] [DEBUG] cheese - null
[2020-01-19T15:17:42.569] [DEBUG] cheese - login => username:admin,password:123456
[2020-01-19T15:17:42.570] [DEBUG] cheese - admin
[2020-01-19T15:17:42.574] [DEBUG] cheese - null
[2020-01-19T15:17:42.574] [DEBUG] cheese - null
[2020-01-19T15:18:22.727] [DEBUG] cheese - login => username:admin,password:123456
[2020-01-19T15:18:22.727] [DEBUG] cheese - admin
[2020-01-19T15:18:22.729] [DEBUG] cheese - null
[2020-01-19T15:18:22.729] [DEBUG] cheese - null
[2020-01-19T15:18:26.210] [DEBUG] cheese - login => username:admin,password:123456
[2020-01-19T15:18:26.210] [DEBUG] cheese - admin
[2020-01-19T15:18:26.213] [DEBUG] cheese - null
[2020-01-19T15:18:26.213] [DEBUG] cheese - null
[2020-01-19T15:18:28.096] [DEBUG] cheese - login => username:admina,password:123456
[2020-01-19T15:18:28.096] [DEBUG] cheese - admina
[2020-01-19T15:18:28.098] [DEBUG] cheese - null
[2020-01-19T15:18:28.098] [DEBUG] cheese - null
[2020-01-19T15:25:07.169] [DEBUG] cheese - login => username:admin,password:123456
[2020-01-19T15:25:07.170] [DEBUG] cheese - admin
[2020-01-19T15:25:07.172] [DEBUG] cheese - null
[2020-01-19T15:25:07.173] [DEBUG] cheese - null
[2020-01-19T15:26:31.579] [DEBUG] cheese - login => username:admin,password:123456d
[2020-01-19T15:26:31.579] [DEBUG] cheese - admin
[2020-01-19T15:26:31.581] [DEBUG] cheese - null
[2020-01-19T15:26:31.581] [DEBUG] cheese - null
[2020-01-19T15:26:34.835] [DEBUG] cheese - login => username:admin,password:123456d
[2020-01-19T15:26:34.835] [DEBUG] cheese - admin
[2020-01-19T15:26:34.836] [DEBUG] cheese - null
[2020-01-19T15:26:34.837] [DEBUG] cheese - null
[2020-01-19T15:26:35.293] [DEBUG] cheese - login => username:admin,password:123456d
[2020-01-19T15:26:35.293] [DEBUG] cheese - admin
[2020-01-19T15:26:35.296] [DEBUG] cheese - null
[2020-01-19T15:26:35.296] [DEBUG] cheese - null
[2020-01-19T15:26:40.302] [DEBUG] cheese - login => username:admin,password:123456
[2020-01-19T15:26:40.302] [DEBUG] cheese - admin
[2020-01-19T15:26:40.304] [DEBUG] cheese - null
[2020-01-19T15:26:40.304] [DEBUG] cheese - null
[2020-01-19T15:28:41.289] [DEBUG] cheese - login => username:admin,password:123456
[2020-01-19T15:28:41.289] [DEBUG] cheese - admin
[2020-01-19T15:28:41.291] [DEBUG] cheese - null
[2020-01-19T15:28:41.291] [DEBUG] cheese - null
[2020-01-19T15:29:36.110] [DEBUG] cheese - login => username:admin,password:123456
[2020-01-19T15:29:36.110] [DEBUG] cheese - admin
[2020-01-19T15:29:36.113] [DEBUG] cheese - null
[2020-01-19T15:29:36.113] [DEBUG] cheese - null
[2020-01-19T15:30:03.885] [DEBUG] cheese - login => username:admin,password:123456
[2020-01-19T15:30:03.885] [DEBUG] cheese - admin
[2020-01-19T15:30:03.888] [DEBUG] cheese - null
[2020-01-19T15:30:03.888] [DEBUG] cheese - null
[2020-01-19T15:42:40.236] [DEBUG] cheese - login => username:admin,password:123456
[2020-01-19T15:42:40.236] [DEBUG] cheese - admin
[2020-01-19T15:42:40.239] [DEBUG] cheese - null
[2020-01-19T15:42:40.239] [DEBUG] cheese - null
[2020-01-19T16:03:47.994] [DEBUG] cheese - login => username:admin,password:123456
[2020-01-19T16:03:47.994] [DEBUG] cheese - admin
[2020-01-19T16:03:47.997] [DEBUG] cheese - null
[2020-01-19T16:03:47.997] [DEBUG] cheese - null
[2020-01-19T16:10:45.012] [DEBUG] cheese - login => username:admin,password:123456
[2020-01-19T16:10:45.012] [DEBUG] cheese - admin
[2020-01-19T16:10:45.016] [DEBUG] cheese - null
[2020-01-19T16:10:45.016] [DEBUG] cheese - null
[2020-01-19T16:11:53.433] [DEBUG] cheese - login => username:admin,password:123456
[2020-01-19T16:11:53.433] [DEBUG] cheese - admin
[2020-01-19T16:11:53.436] [DEBUG] cheese - null
[2020-01-19T16:11:53.436] [DEBUG] cheese - null
[2020-01-19T16:18:49.514] [DEBUG] cheese - login => username:admin,password:123456
[2020-01-19T16:18:49.514] [DEBUG] cheese - admin
[2020-01-19T16:18:49.516] [DEBUG] cheese - null
[2020-01-19T16:18:49.517] [DEBUG] cheese - null
[2020-01-19T16:28:16.679] [DEBUG] cheese - login => username:admin,password:123456
[2020-01-19T16:28:16.679] [DEBUG] cheese - admin
[2020-01-19T16:28:16.681] [DEBUG] cheese - null
[2020-01-19T16:28:16.681] [DEBUG] cheese - null
[2020-01-19T16:56:02.532] [DEBUG] cheese - login => username:admin,password:123456
[2020-01-19T16:56:02.533] [DEBUG] cheese - admin
[2020-01-19T16:56:02.536] [DEBUG] cheese - null
[2020-01-19T16:56:02.536] [DEBUG] cheese - null
[2020-01-19T17:21:38.815] [DEBUG] cheese - login => username:admin,password:123456
[2020-01-19T17:21:38.815] [DEBUG] cheese - admin
[2020-01-19T17:21:38.817] [DEBUG] cheese - null
[2020-01-19T17:21:38.817] [DEBUG] cheese - null
[2020-01-19T17:23:50.368] [DEBUG] cheese - login => username:admin,password:123456
[2020-01-19T17:23:50.369] [DEBUG] cheese - admin
[2020-01-19T17:23:50.371] [DEBUG] cheese - null
[2020-01-19T17:23:50.371] [DEBUG] cheese - null
[2020-01-19T17:24:24.053] [DEBUG] cheese - login => username:admin,password:123456
[2020-01-19T17:24:24.053] [DEBUG] cheese - admin
[2020-01-19T17:24:24.055] [DEBUG] cheese - null
[2020-01-19T17:24:24.055] [DEBUG] cheese - null
[2020-01-19T17:28:18.312] [DEBUG] cheese - login => username:admin,password:123456
[2020-01-19T17:28:18.312] [DEBUG] cheese - admin
[2020-01-19T17:28:18.315] [DEBUG] cheese - null
[2020-01-19T17:28:18.315] [DEBUG] cheese - null
[2020-01-19T17:44:37.466] [DEBUG] cheese - login => username:admin,password:123456
[2020-01-19T17:44:37.466] [DEBUG] cheese - admin
[2020-01-19T17:44:37.469] [DEBUG] cheese - null
[2020-01-19T17:44:37.469] [DEBUG] cheese - null
[2020-01-19T17:46:20.424] [DEBUG] cheese - login => username:admin,password:123456
[2020-01-19T17:46:20.424] [DEBUG] cheese - admin
[2020-01-19T17:46:20.428] [DEBUG] cheese - null
[2020-01-19T17:46:20.428] [DEBUG] cheese - null
[2020-01-19T21:53:47.644] [DEBUG] cheese - login => username:admin,password:123456
[2020-01-19T21:53:47.644] [DEBUG] cheese - admin
[2020-01-19T21:53:47.647] [DEBUG] cheese - null
[2020-01-19T21:53:47.647] [DEBUG] cheese - null
[2020-01-19T22:21:52.998] [DEBUG] cheese - login => username:admin,password:123456
[2020-01-19T22:21:52.998] [DEBUG] cheese - admin
[2020-01-19T22:21:53.001] [DEBUG] cheese - null
[2020-01-19T22:21:53.001] [DEBUG] cheese - null
[2020-01-19T23:08:34.335] [DEBUG] cheese - login => username:admin,password:123456
[2020-01-19T23:08:34.335] [DEBUG] cheese - admin
[2020-01-19T23:08:34.337] [DEBUG] cheese - null
[2020-01-19T23:08:34.337] [DEBUG] cheese - null
[2020-01-20T16:15:37.043] [DEBUG] cheese - login => username:admin,password:123456
[2020-01-20T16:15:37.045] [DEBUG] cheese - admin
[2020-01-20T16:15:37.055] [DEBUG] cheese - null
[2020-01-20T16:15:37.056] [DEBUG] cheese - null
[2020-01-20T16:40:51.810] [DEBUG] cheese - login => username:admin,password:123456
[2020-01-20T16:40:51.810] [DEBUG] cheese - admin
[2020-01-20T16:40:51.814] [DEBUG] cheese - null
[2020-01-20T16:40:51.814] [DEBUG] cheese - null
[2020-01-20T23:36:37.377] [DEBUG] cheese - login => username:admin,password:123456
[2020-01-20T23:36:37.378] [DEBUG] cheese - admin
[2020-01-20T23:36:37.380] [DEBUG] cheese - null
[2020-01-20T23:36:37.380] [DEBUG] cheese - null
[2020-01-21T15:57:20.945] [DEBUG] cheese - null
[2020-01-21T23:03:47.319] [DEBUG] cheese - login => username:admin,password:123456
[2020-01-21T23:03:47.320] [DEBUG] cheese - admin
[2020-01-21T23:03:47.323] [DEBUG] cheese - null
[2020-01-21T23:03:47.323] [DEBUG] cheese - null
[2020-01-23T20:44:20.582] [DEBUG] cheese - login => username:admin,password:123456
[2020-01-23T20:44:20.585] [DEBUG] cheese - admin
[2020-01-23T20:44:20.604] [DEBUG] cheese - null
[2020-01-23T20:44:20.605] [DEBUG] cheese - null
[2020-01-25T12:07:27.757] [DEBUG] cheese - login => username:admin,password:123456
[2020-01-25T12:07:27.758] [DEBUG] cheese - admin
[2020-01-25T12:07:27.868] [DEBUG] cheese - null
[2020-01-25T12:07:27.868] [DEBUG] cheese - null
[2020-01-25T17:55:09.328] [DEBUG] cheese - login => username:admin,password:123456
[2020-01-25T17:55:09.328] [DEBUG] cheese - admin
[2020-01-25T17:55:09.330] [DEBUG] cheese - null
[2020-01-25T17:55:09.330] [DEBUG] cheese - null
[2020-01-25T17:56:06.587] [DEBUG] cheese - login => username:admi,password:123456
[2020-01-25T17:56:06.588] [DEBUG] cheese - admi
[2020-01-25T17:56:06.589] [DEBUG] cheese - null
[2020-01-25T17:56:06.589] [DEBUG] cheese - null
[2020-01-25T17:56:10.552] [DEBUG] cheese - login => username:admin,password:123456
[2020-01-25T17:56:10.552] [DEBUG] cheese - admin
[2020-01-25T17:56:10.555] [DEBUG] cheese - null
[2020-01-25T17:56:10.555] [DEBUG] cheese - null
[2020-01-25T17:56:25.692] [DEBUG] cheese - login => username:linken,password:123456
[2020-01-25T17:56:25.692] [DEBUG] cheese - linken
[2020-01-25T17:56:25.695] [DEBUG] cheese - null
[2020-01-25T17:56:25.695] [DEBUG] cheese - null
[2020-01-25T17:56:33.086] [DEBUG] cheese - login => username:admin,password:123456
[2020-01-25T17:56:33.086] [DEBUG] cheese - admin
[2020-01-25T17:56:33.089] [DEBUG] cheese - null
[2020-01-25T17:56:33.089] [DEBUG] cheese - null
[2020-01-25T18:01:11.807] [DEBUG] cheese - login => username:auth,password:123456
[2020-01-25T18:01:11.807] [DEBUG] cheese - auth
[2020-01-25T18:01:11.809] [DEBUG] cheese - null
[2020-01-25T18:01:11.809] [DEBUG] cheese - null
[2020-01-25T18:01:21.331] [DEBUG] cheese - login => username:auth,password:123456
[2020-01-25T18:01:21.331] [DEBUG] cheese - auth
[2020-01-25T18:01:21.333] [DEBUG] cheese - null
[2020-01-25T18:01:21.333] [DEBUG] cheese - null
[2020-01-25T18:01:22.594] [DEBUG] cheese - login => username:admin,password:123456
[2020-01-25T18:01:22.594] [DEBUG] cheese - admin
[2020-01-25T18:01:22.596] [DEBUG] cheese - null
[2020-01-25T18:01:22.596] [DEBUG] cheese - null
[2020-01-25T18:01:46.719] [DEBUG] cheese - login => username:auth,password:123456
[2020-01-25T18:01:46.719] [DEBUG] cheese - auth
[2020-01-25T18:01:46.720] [DEBUG] cheese - null
[2020-01-25T18:01:46.720] [DEBUG] cheese - null
[2020-01-25T18:01:49.042] [DEBUG] cheese - null
[2020-01-25T18:01:49.045] [DEBUG] cheese - null
[2020-01-25T18:01:52.237] [DEBUG] cheese - null
[2020-01-25T18:01:52.238] [DEBUG] cheese - null
[2020-01-25T18:01:53.421] [DEBUG] cheese - null
[2020-01-25T18:01:53.424] [DEBUG] cheese - null
[2020-01-25T18:01:59.201] [DEBUG] cheese - login => username:admin,password:123456
[2020-01-25T18:01:59.201] [DEBUG] cheese - admin
[2020-01-25T18:01:59.202] [DEBUG] cheese - null
[2020-01-25T18:01:59.202] [DEBUG] cheese - null
[2020-01-26T13:07:24.764] [DEBUG] cheese - login => username:admin,password:123456
[2020-01-26T13:07:24.764] [DEBUG] cheese - admin
[2020-01-26T13:07:24.767] [DEBUG] cheese - null
[2020-01-26T13:07:24.767] [DEBUG] cheese - null
[2020-01-26T16:04:29.486] [DEBUG] cheese - login => username:admin,password:123456
[2020-01-26T16:04:29.486] [DEBUG] cheese - admin
[2020-01-26T16:04:29.592] [DEBUG] cheese - null
[2020-01-26T16:04:29.592] [DEBUG] cheese - null
[2020-01-26T17:42:27.771] [DEBUG] cheese - login => username:orders,password:123456
[2020-01-26T17:42:27.772] [DEBUG] cheese - orders
[2020-01-26T17:42:27.776] [DEBUG] cheese - null
[2020-01-26T17:42:27.776] [DEBUG] cheese - null
[2020-01-26T17:42:37.026] [DEBUG] cheese - login => username:admin,password:123456
[2020-01-26T17:42:37.026] [DEBUG] cheese - admin
[2020-01-26T17:42:37.031] [DEBUG] cheese - null
[2020-01-26T17:42:37.031] [DEBUG] cheese - null
[2020-01-26T17:42:51.967] [DEBUG] cheese - login => username:good,password:123456
[2020-01-26T17:42:51.967] [DEBUG] cheese - good
[2020-01-26T17:42:51.968] [DEBUG] cheese - null
[2020-01-26T17:42:51.969] [DEBUG] cheese - null
[2020-01-26T17:42:57.198] [DEBUG] cheese - login => username:good,password:123456
[2020-01-26T17:42:57.198] [DEBUG] cheese - good
[2020-01-26T17:42:57.202] [DEBUG] cheese - null
[2020-01-26T17:42:57.202] [DEBUG] cheese - null
[2020-01-26T17:43:03.117] [DEBUG] cheese - login => username:admin,password:123456
[2020-01-26T17:43:03.117] [DEBUG] cheese - admin
[2020-01-26T17:43:03.121] [DEBUG] cheese - null
[2020-01-26T17:43:03.121] [DEBUG] cheese - null
[2020-01-26T17:59:57.263] [DEBUG] cheese - login => username:linken,password:123456
[2020-01-26T17:59:57.263] [DEBUG] cheese - linken
[2020-01-26T17:59:57.266] [DEBUG] cheese - null
[2020-01-26T17:59:57.266] [DEBUG] cheese - null
[2020-01-26T17:59:59.567] [DEBUG] cheese - null
[2020-01-26T17:59:59.571] [DEBUG] cheese - null
[2020-01-26T18:00:00.669] [DEBUG] cheese - null
[2020-01-26T18:00:00.673] [DEBUG] cheese - null
[2020-01-26T18:00:01.722] [DEBUG] cheese - null
[2020-01-26T18:00:01.725] [DEBUG] cheese - null
[2020-01-26T18:00:12.566] [DEBUG] cheese - null
[2020-01-26T18:00:12.571] [DEBUG] cheese - null
[2020-01-26T18:00:13.701] [DEBUG] cheese - null
[2020-01-26T18:00:13.705] [DEBUG] cheese - null
[2020-01-26T18:00:20.653] [DEBUG] cheese - login => username:admin,password:123456
[2020-01-26T18:00:20.653] [DEBUG] cheese - admin
[2020-01-26T18:00:20.657] [DEBUG] cheese - null
[2020-01-26T18:00:20.657] [DEBUG] cheese - null
[2020-01-26T18:01:02.169] [DEBUG] cheese - login => username:admin,password:123456
[2020-01-26T18:01:02.169] [DEBUG] cheese - admin
[2020-01-26T18:01:02.174] [DEBUG] cheese - null
[2020-01-26T18:01:02.174] [DEBUG] cheese - null
[2020-01-26T18:01:11.646] [DEBUG] cheese - login => username:orders,password:123456
[2020-01-26T18:01:11.646] [DEBUG] cheese - orders
[2020-01-26T18:01:11.650] [DEBUG] cheese - null
[2020-01-26T18:01:11.650] [DEBUG] cheese - null
[2020-01-26T18:01:12.416] [DEBUG] cheese - login => username:orders,password:123456
[2020-01-26T18:01:12.416] [DEBUG] cheese - orders
[2020-01-26T18:01:12.421] [DEBUG] cheese - null
[2020-01-26T18:01:12.421] [DEBUG] cheese - null
[2020-01-26T18:01:12.616] [DEBUG] cheese - login => username:orders,password:123456
[2020-01-26T18:01:12.617] [DEBUG] cheese - orders
[2020-01-26T18:01:12.620] [DEBUG] cheese - null
[2020-01-26T18:01:12.621] [DEBUG] cheese - null
[2020-01-26T18:01:15.327] [DEBUG] cheese - login => username:admin,password:123456
[2020-01-26T18:01:15.327] [DEBUG] cheese - admin
[2020-01-26T18:01:15.331] [DEBUG] cheese - null
[2020-01-26T18:01:15.331] [DEBUG] cheese - null
[2020-01-26T22:01:29.107] [DEBUG] cheese - login => username:admin,password:123456
[2020-01-26T22:01:29.107] [DEBUG] cheese - admin
[2020-01-26T22:01:29.113] [DEBUG] cheese - null
[2020-01-26T22:01:29.113] [DEBUG] cheese - null
[2020-01-28T09:54:49.669] [DEBUG] cheese - login => username:admin,password:123456
[2020-01-28T09:54:49.671] [DEBUG] cheese - admin
[2020-01-28T09:54:49.689] [DEBUG] cheese - null
[2020-01-28T09:54:49.690] [DEBUG] cheese - null
[2020-01-28T09:59:40.428] [DEBUG] cheese - login => username:admin,password:123456
[2020-01-28T09:59:40.428] [DEBUG] cheese - admin
[2020-01-28T09:59:40.431] [DEBUG] cheese - null
[2020-01-28T09:59:40.431] [DEBUG] cheese - null
[2020-01-28T12:56:54.555] [DEBUG] cheese - login => username:admin,password:123456
[2020-01-28T12:56:54.555] [DEBUG] cheese - admin
[2020-01-28T12:56:54.558] [DEBUG] cheese - null
[2020-01-28T12:56:54.558] [DEBUG] cheese - null
[2020-01-29T14:09:05.931] [DEBUG] cheese - login => username:admin,password:123456
[2020-01-29T14:09:05.931] [DEBUG] cheese - admin
[2020-01-29T14:09:05.987] [DEBUG] cheese - null
[2020-01-29T14:09:05.987] [DEBUG] cheese - null
[2020-01-30T13:06:03.979] [DEBUG] cheese - login => username:admin,password:123456
[2020-01-30T13:06:03.981] [DEBUG] cheese - admin
[2020-01-30T13:06:03.998] [DEBUG] cheese - null
[2020-01-30T13:06:03.999] [DEBUG] cheese - null
[2020-01-31T15:04:41.057] [DEBUG] cheese - login => username:admin,password:123456
[2020-01-31T15:04:41.059] [DEBUG] cheese - admin
[2020-01-31T15:04:41.091] [DEBUG] cheese - null
[2020-01-31T15:04:41.091] [DEBUG] cheese - null
[2020-01-31T15:16:39.226] [DEBUG] cheese - login => username:admin,password:123456
[2020-01-31T15:16:39.226] [DEBUG] cheese - admin
[2020-01-31T15:16:39.230] [DEBUG] cheese - null
[2020-01-31T15:16:39.230] [DEBUG] cheese - null
[2020-01-31T15:16:57.411] [DEBUG] cheese - login => username:admin,password:123456
[2020-01-31T15:16:57.412] [DEBUG] cheese - admin
[2020-01-31T15:16:57.416] [DEBUG] cheese - null
[2020-01-31T15:16:57.416] [DEBUG] cheese - null
[2020-01-31T16:45:49.514] [DEBUG] cheese - null
[2020-02-01T15:19:52.934] [DEBUG] cheese - login => username:admin,password:123456
[2020-02-01T15:19:52.934] [DEBUG] cheese - admin
[2020-02-01T15:19:52.943] [DEBUG] cheese - null
[2020-02-01T15:19:52.943] [DEBUG] cheese - null
[2020-02-02T10:55:43.884] [DEBUG] cheese - login => username:admin,password:123456
[2020-02-02T10:55:43.884] [DEBUG] cheese - admin
[2020-02-02T10:55:43.887] [DEBUG] cheese - null
[2020-02-02T10:55:43.887] [DEBUG] cheese - null
[2020-02-02T12:23:43.455] [DEBUG] cheese - login => username:admin,password:123456
[2020-02-02T12:23:43.458] [DEBUG] cheese - admin
[2020-02-02T12:23:43.478] [DEBUG] cheese - null
[2020-02-02T12:23:43.478] [DEBUG] cheese - null
[2020-02-02T12:25:57.106] [DEBUG] cheese - login => username:admin,password:123456
[2020-02-02T12:25:57.106] [DEBUG] cheese - admin
[2020-02-02T12:25:57.112] [DEBUG] cheese - null
[2020-02-02T12:25:57.112] [DEBUG] cheese - null
[2020-02-02T12:27:41.624] [DEBUG] cheese - login => username:admin,password:123456
[2020-02-02T12:27:41.624] [DEBUG] cheese - admin
[2020-02-02T12:27:41.630] [DEBUG] cheese - null
[2020-02-02T12:27:41.630] [DEBUG] cheese - null
[2020-02-02T12:28:10.566] [DEBUG] cheese - login => username:admin5,password:123456
[2020-02-02T12:28:10.566] [DEBUG] cheese - admin5
[2020-02-02T12:28:10.570] [DEBUG] cheese - null
[2020-02-02T12:28:10.571] [DEBUG] cheese - null
[2020-02-02T12:28:31.941] [DEBUG] cheese - login => username:admin,password:123456
[2020-02-02T12:28:31.941] [DEBUG] cheese - admin
[2020-02-02T12:28:31.946] [DEBUG] cheese - null
[2020-02-02T12:28:31.946] [DEBUG] cheese - null
[2020-02-02T12:40:46.618] [DEBUG] cheese - login => username:admin,password:123456
[2020-02-02T12:40:46.619] [DEBUG] cheese - admin
[2020-02-02T12:40:46.622] [DEBUG] cheese - null
[2020-02-02T12:40:46.622] [DEBUG] cheese - null
[2020-02-02T12:47:25.040] [DEBUG] cheese - login => username:admin,password:123456
[2020-02-02T12:47:25.040] [DEBUG] cheese - admin
[2020-02-02T12:47:25.043] [DEBUG] cheese - null
[2020-02-02T12:47:25.043] [DEBUG] cheese - null
[2020-02-02T12:59:06.747] [DEBUG] cheese - login => username:admin,password:123456
[2020-02-02T12:59:06.750] [DEBUG] cheese - admin
[2020-02-02T12:59:06.762] [DEBUG] cheese - null
[2020-02-02T12:59:06.762] [DEBUG] cheese - null
[2020-02-02T13:42:31.266] [DEBUG] cheese - login => username:admin,password:123456
[2020-02-02T13:42:31.266] [DEBUG] cheese - admin
[2020-02-02T13:42:31.272] [DEBUG] cheese - null
[2020-02-02T13:42:31.273] [DEBUG] cheese - null
[2020-02-02T13:42:52.236] [DEBUG] cheese - login => username:admin,password:123456
[2020-02-02T13:42:52.237] [DEBUG] cheese - admin
[2020-02-02T13:42:52.241] [DEBUG] cheese - null
[2020-02-02T13:42:52.241] [DEBUG] cheese - null
[2020-02-02T13:43:22.373] [DEBUG] cheese - login => username:admin,password:123456
[2020-02-02T13:43:22.373] [DEBUG] cheese - admin
[2020-02-02T13:43:22.381] [DEBUG] cheese - null
[2020-02-02T13:43:22.382] [DEBUG] cheese - null
[2020-02-02T13:57:57.669] [DEBUG] cheese - login => username:admin,password:123456
[2020-02-02T13:57:57.669] [DEBUG] cheese - admin
[2020-02-02T13:57:57.675] [DEBUG] cheese - null
[2020-02-02T13:57:57.675] [DEBUG] cheese - null
[2020-02-02T14:01:00.834] [DEBUG] cheese - login => username:admin,password:123456
[2020-02-02T14:01:00.836] [DEBUG] cheese - admin
[2020-02-02T14:01:00.875] [DEBUG] cheese - null
[2020-02-02T14:01:00.876] [DEBUG] cheese - null
[2020-02-02T14:28:33.260] [DEBUG] cheese - login => username:admin,password:123456
[2020-02-02T14:28:33.260] [DEBUG] cheese - admin
[2020-02-02T14:28:33.263] [DEBUG] cheese - null
[2020-02-02T14:28:33.263] [DEBUG] cheese - null
[2020-02-02T14:35:49.467] [DEBUG] cheese - login => username:admin,password:123456
[2020-02-02T14:35:49.467] [DEBUG] cheese - admin
[2020-02-02T14:35:49.470] [DEBUG] cheese - null
[2020-02-02T14:35:49.470] [DEBUG] cheese - null
[2020-02-02T15:29:21.354] [DEBUG] cheese - login => username:admin,password:123456
[2020-02-02T15:29:21.354] [DEBUG] cheese - admin
[2020-02-02T15:29:21.363] [DEBUG] cheese - null
[2020-02-02T15:29:21.363] [DEBUG] cheese - null
[2020-02-02T15:34:42.350] [DEBUG] cheese - login => username:admin,password:123456
[2020-02-02T15:34:42.350] [DEBUG] cheese - admin
[2020-02-02T15:34:42.352] [DEBUG] cheese - null
[2020-02-02T15:34:42.353] [DEBUG] cheese - null
[2020-02-02T16:01:32.433] [DEBUG] cheese - login => username:admin,password:123456
[2020-02-02T16:01:32.433] [DEBUG] cheese - admin
[2020-02-02T16:01:32.435] [DEBUG] cheese - null
[2020-02-02T16:01:32.435] [DEBUG] cheese - null
[2020-02-02T16:11:20.413] [DEBUG] cheese - login => username:admin,password:123456
[2020-02-02T16:11:20.413] [DEBUG] cheese - admin
[2020-02-02T16:11:20.414] [DEBUG] cheese - null
[2020-02-02T16:11:20.414] [DEBUG] cheese - null
[2020-02-05T13:54:07.684] [DEBUG] cheese - login => username:admin,password:123456
[2020-02-05T13:54:07.685] [DEBUG] cheese - admin
[2020-02-05T13:54:07.719] [DEBUG] cheese - null
[2020-02-05T13:54:07.719] [DEBUG] cheese - null
[2020-02-14T17:01:46.873] [DEBUG] cheese - login => username:admin,password:123456
[2020-02-14T17:01:46.876] [DEBUG] cheese - admin
[2020-02-14T17:01:46.900] [DEBUG] cheese - null
[2020-02-14T17:01:46.901] [DEBUG] cheese - null
[2020-02-14T17:50:21.591] [DEBUG] cheese - login => username:admin,password:123456
[2020-02-14T17:50:21.594] [DEBUG] cheese - admin
[2020-02-14T17:50:21.604] [DEBUG] cheese - null
[2020-02-14T17:50:21.604] [DEBUG] cheese - null
[2020-02-14T17:51:46.243] [DEBUG] cheese - login => username:report,password:123456
[2020-02-14T17:51:46.244] [DEBUG] cheese - report
[2020-02-14T17:51:46.247] [DEBUG] cheese - null
[2020-02-14T17:51:46.247] [DEBUG] cheese - null
[2020-02-14T17:51:51.927] [DEBUG] cheese - login => username:admin,password:123456
[2020-02-14T17:51:51.928] [DEBUG] cheese - admin
[2020-02-14T17:51:51.930] [DEBUG] cheese - null
[2020-02-14T17:51:51.930] [DEBUG] cheese - null
[2020-02-14T17:53:05.427] [DEBUG] cheese - login => username:author,password:123456
[2020-02-14T17:53:05.427] [DEBUG] cheese - author
[2020-02-14T17:53:05.429] [DEBUG] cheese - null
[2020-02-14T17:53:05.429] [DEBUG] cheese - null
[2020-02-14T17:53:07.947] [DEBUG] cheese - null
[2020-02-14T17:53:07.949] [DEBUG] cheese - null
[2020-02-14T17:53:13.294] [DEBUG] cheese - null
[2020-02-14T17:53:13.296] [DEBUG] cheese - null
[2020-02-14T17:53:14.599] [DEBUG] cheese - null
[2020-02-14T17:53:14.601] [DEBUG] cheese - null
[2020-02-14T17:53:23.043] [DEBUG] cheese - login => username:admin,password:123456
[2020-02-14T17:53:23.043] [DEBUG] cheese - admin
[2020-02-14T17:53:23.045] [DEBUG] cheese - null
[2020-02-14T17:53:23.045] [DEBUG] cheese - null
[2020-02-15T13:35:26.258] [DEBUG] cheese - login => username:admin,password:123456
[2020-02-15T13:35:26.259] [DEBUG] cheese - admin
[2020-02-15T13:35:26.261] [DEBUG] cheese - null
[2020-02-15T13:35:26.261] [DEBUG] cheese - null
[2020-02-16T12:38:14.875] [DEBUG] cheese - login => username:admin,password:123456
[2020-02-16T12:38:14.875] [DEBUG] cheese - admin
[2020-02-16T12:38:14.885] [DEBUG] cheese - null
[2020-02-16T12:38:14.885] [DEBUG] cheese - null
[2020-02-19T12:23:52.880] [DEBUG] cheese - login => username:admin,password:123456
[2020-02-19T12:23:52.880] [DEBUG] cheese - admin
[2020-02-19T12:23:52.886] [DEBUG] cheese - null
[2020-02-19T12:23:52.887] [DEBUG] cheese - null
[2020-02-19T12:26:17.173] [DEBUG] cheese - login => username:admin,password:123456
[2020-02-19T12:26:17.173] [DEBUG] cheese - admin
[2020-02-19T12:26:17.176] [DEBUG] cheese - null
[2020-02-19T12:26:17.176] [DEBUG] cheese - null
[2020-02-19T12:27:14.420] [DEBUG] cheese - login => username:admin,password:123456
[2020-02-19T12:27:14.420] [DEBUG] cheese - admin
[2020-02-19T12:27:14.422] [DEBUG] cheese - null
[2020-02-19T12:27:14.423] [DEBUG] cheese - null
[2020-02-25T03:10:46.626] [DEBUG] cheese - login => username:admin,password:123456
[2020-02-25T03:10:46.629] [DEBUG] cheese - admin
[2020-02-25T03:10:46.663] [DEBUG] cheese - null
[2020-02-25T03:10:46.663] [DEBUG] cheese - null
[2020-02-25T03:12:31.943] [DEBUG] cheese - login => username:goods,password:123456
[2020-02-25T03:12:31.943] [DEBUG] cheese - goods
[2020-02-25T03:12:31.945] [DEBUG] cheese - null
[2020-02-25T03:12:31.945] [DEBUG] cheese - null
[2020-02-25T03:12:34.412] [DEBUG] cheese - login => username:admin,password:123456
[2020-02-25T03:12:34.412] [DEBUG] cheese - admin
[2020-02-25T03:12:34.415] [DEBUG] cheese - null
[2020-02-25T03:12:34.415] [DEBUG] cheese - null
[2020-02-25T03:12:53.832] [DEBUG] cheese - login => username:good,password:123456
[2020-02-25T03:12:53.832] [DEBUG] cheese - good
[2020-02-25T03:12:53.835] [DEBUG] cheese - null
[2020-02-25T03:12:53.835] [DEBUG] cheese - null
[2020-02-25T03:13:04.899] [DEBUG] cheese - login => username:goods,password:123456
[2020-02-25T03:13:04.899] [DEBUG] cheese - goods
[2020-02-25T03:13:04.901] [DEBUG] cheese - null
[2020-02-25T03:13:04.901] [DEBUG] cheese - null
[2020-02-25T03:13:08.296] [DEBUG] cheese - null
[2020-02-25T03:13:08.298] [DEBUG] cheese - null
[2020-02-25T03:13:24.035] [DEBUG] cheese - null
[2020-02-25T03:13:24.038] [DEBUG] cheese - null
[2020-02-25T03:13:28.201] [DEBUG] cheese - null
[2020-02-25T03:13:28.203] [DEBUG] cheese - null
[2020-02-25T03:13:51.407] [DEBUG] cheese - null
[2020-02-25T03:13:51.410] [DEBUG] cheese - null
[2020-02-25T03:13:56.478] [DEBUG] cheese - null
[2020-02-25T03:13:56.480] [DEBUG] cheese - null
[2020-02-25T03:13:59.727] [DEBUG] cheese - null
[2020-02-25T03:13:59.729] [DEBUG] cheese - null
[2020-02-25T03:14:04.221] [DEBUG] cheese - null
[2020-02-25T03:14:04.224] [DEBUG] cheese - null
[2020-02-25T03:14:04.272] [DEBUG] cheese - null
[2020-02-25T03:14:04.273] [DEBUG] cheese - null
[2020-02-25T03:14:12.593] [DEBUG] cheese - login => username:goods,password:123456
[2020-02-25T03:14:12.593] [DEBUG] cheese - goods
[2020-02-25T03:14:12.596] [DEBUG] cheese - null
[2020-02-25T03:14:12.596] [DEBUG] cheese - null
[2020-02-25T03:14:15.186] [DEBUG] cheese - null
[2020-02-25T03:14:15.188] [DEBUG] cheese - null
[2020-02-25T03:14:16.064] [DEBUG] cheese - null
[2020-02-25T03:14:16.065] [DEBUG] cheese - null
[2020-02-25T03:14:17.239] [DEBUG] cheese - null
[2020-02-25T03:14:17.241] [DEBUG] cheese - null
[2020-02-25T03:14:23.251] [DEBUG] cheese - login => username:admin,password:123456
[2020-02-25T03:14:23.251] [DEBUG] cheese - admin
[2020-02-25T03:14:23.253] [DEBUG] cheese - null
[2020-02-25T03:14:23.253] [DEBUG] cheese - null
[2020-02-25T03:16:13.919] [DEBUG] cheese - login => username:goods,password:123456
[2020-02-25T03:16:13.919] [DEBUG] cheese - goods
[2020-02-25T03:16:13.920] [DEBUG] cheese - null
[2020-02-25T03:16:13.921] [DEBUG] cheese - null
[2020-02-25T03:16:17.235] [DEBUG] cheese - null
[2020-02-25T03:16:17.236] [DEBUG] cheese - null
[2020-02-25T03:16:20.234] [DEBUG] cheese - null
[2020-02-25T03:16:20.239] [DEBUG] cheese - null
[2020-02-25T03:16:21.420] [DEBUG] cheese - null
[2020-02-25T03:16:21.427] [DEBUG] cheese - null
[2020-02-25T03:16:28.501] [DEBUG] cheese - login => username:admin,password:123456
[2020-02-25T03:16:28.502] [DEBUG] cheese - admin
[2020-02-25T03:16:28.513] [DEBUG] cheese - null
[2020-02-25T03:16:28.513] [DEBUG] cheese - null
[2020-02-25T03:23:35.712] [DEBUG] cheese - login => username:admin,password:123456
[2020-02-25T03:23:35.712] [DEBUG] cheese - admin
[2020-02-25T03:23:35.715] [DEBUG] cheese - null
[2020-02-25T03:23:35.715] [DEBUG] cheese - null
[2020-02-25T03:25:38.822] [DEBUG] cheese - null
[2020-02-25T03:26:05.449] [DEBUG] cheese - login => username:linken,password:123456
[2020-02-25T03:26:05.450] [DEBUG] cheese - linken
[2020-02-25T03:26:05.451] [DEBUG] cheese - null
[2020-02-25T03:26:05.451] [DEBUG] cheese - null
[2020-02-25T03:26:07.914] [DEBUG] cheese - null
[2020-02-25T03:26:12.458] [DEBUG] cheese - null
[2020-02-25T03:26:18.375] [DEBUG] cheese - null
[2020-02-25T03:26:18.377] [DEBUG] cheese - null
[2020-02-25T03:26:21.334] [DEBUG] cheese - null
[2020-02-25T03:26:21.335] [DEBUG] cheese - null
[2020-02-25T03:26:22.151] [DEBUG] cheese - null
[2020-02-25T03:26:22.153] [DEBUG] cheese - null
[2020-02-25T03:26:22.799] [DEBUG] cheese - null
[2020-02-25T03:26:22.801] [DEBUG] cheese - null
[2020-02-25T03:26:25.970] [DEBUG] cheese - login => username:admin,password:123456
[2020-02-25T03:26:25.970] [DEBUG] cheese - admin
[2020-02-25T03:26:25.972] [DEBUG] cheese - null
[2020-02-25T03:26:25.972] [DEBUG] cheese - null
[2020-02-25T03:44:58.658] [DEBUG] cheese - login => username:admin,password:123456
[2020-02-25T03:44:58.658] [DEBUG] cheese - admin
[2020-02-25T03:44:58.660] [DEBUG] cheese - null
[2020-02-25T03:44:58.660] [DEBUG] cheese - null
[2020-02-25T09:35:09.360] [DEBUG] cheese - login => username:admin,password:123456
[2020-02-25T09:35:09.360] [DEBUG] cheese - admin
[2020-02-25T09:35:09.361] [DEBUG] cheese - null
[2020-02-25T09:35:09.361] [DEBUG] cheese - null
[2020-02-25T09:35:20.332] [DEBUG] cheese - login => username:goods,password:123456
[2020-02-25T09:35:20.333] [DEBUG] cheese - goods
[2020-02-25T09:35:20.335] [DEBUG] cheese - null
[2020-02-25T09:35:20.335] [DEBUG] cheese - null
[2020-02-25T09:35:22.817] [DEBUG] cheese - null
[2020-02-25T09:35:22.819] [DEBUG] cheese - null
[2020-02-25T09:35:23.402] [DEBUG] cheese - null
[2020-02-25T09:35:23.404] [DEBUG] cheese - null
[2020-02-25T09:35:31.430] [DEBUG] cheese - login => username:author,password:123456
[2020-02-25T09:35:31.430] [DEBUG] cheese - author
[2020-02-25T09:35:31.432] [DEBUG] cheese - null
[2020-02-25T09:35:31.432] [DEBUG] cheese - null
[2020-02-25T09:35:33.625] [DEBUG] cheese - null
[2020-02-25T09:35:33.626] [DEBUG] cheese - null
[2020-02-25T09:35:34.109] [DEBUG] cheese - null
[2020-02-25T09:35:34.110] [DEBUG] cheese - null
[2020-02-25T09:36:07.230] [DEBUG] cheese - login => username:admin,password:123456
[2020-02-25T09:36:07.230] [DEBUG] cheese - admin
[2020-02-25T09:36:07.233] [DEBUG] cheese - null
[2020-02-25T09:36:07.233] [DEBUG] cheese - null
[2020-02-25T09:36:57.448] [DEBUG] cheese - login => username:test,password:123456
[2020-02-25T09:36:57.448] [DEBUG] cheese - test
[2020-02-25T09:36:57.450] [DEBUG] cheese - null
[2020-02-25T09:36:57.451] [DEBUG] cheese - null
[2020-02-25T09:36:59.390] [DEBUG] cheese - login => username:admin,password:123456
[2020-02-25T09:36:59.390] [DEBUG] cheese - admin
[2020-02-25T09:36:59.392] [DEBUG] cheese - null
[2020-02-25T09:36:59.392] [DEBUG] cheese - null
[2020-02-25T09:37:20.461] [DEBUG] cheese - login => username:test,password:123456
[2020-02-25T09:37:20.461] [DEBUG] cheese - test
[2020-02-25T09:37:20.463] [DEBUG] cheese - null
[2020-02-25T09:37:20.463] [DEBUG] cheese - null
[2020-02-25T09:37:22.733] [DEBUG] cheese - null
[2020-02-25T09:37:22.734] [DEBUG] cheese - null
[2020-02-25T09:37:26.423] [DEBUG] cheese - login => username:admin,password:123456
[2020-02-25T09:37:26.424] [DEBUG] cheese - admin
[2020-02-25T09:37:26.425] [DEBUG] cheese - null
[2020-02-25T09:37:26.425] [DEBUG] cheese - null
[2020-02-25T09:37:34.639] [DEBUG] cheese - null
[2020-02-25T09:37:38.764] [DEBUG] cheese - null
[2020-02-25T09:37:44.419] [DEBUG] cheese - login => username:test,password:123456
[2020-02-25T09:37:44.419] [DEBUG] cheese - test
[2020-02-25T09:37:44.422] [DEBUG] cheese - null
[2020-02-25T09:37:44.422] [DEBUG] cheese - null
[2020-02-25T09:52:10.526] [DEBUG] cheese - null
[2020-02-25T09:52:10.528] [DEBUG] cheese - null
[2020-02-25T09:52:11.905] [DEBUG] cheese - null
[2020-02-25T09:52:11.906] [DEBUG] cheese - null
[2020-02-25T09:52:13.187] [DEBUG] cheese - null
[2020-02-25T09:52:13.189] [DEBUG] cheese - null
[2020-02-25T09:52:15.056] [DEBUG] cheese - null
[2020-02-25T09:52:15.057] [DEBUG] cheese - null
[2020-02-25T09:52:25.023] [DEBUG] cheese - null
[2020-02-25T09:52:25.024] [DEBUG] cheese - null
[2020-02-25T09:52:26.311] [DEBUG] cheese - null
[2020-02-25T09:52:26.312] [DEBUG] cheese - null
[2020-03-08T23:33:06.424] [DEBUG] cheese - login => username:admin,password:123456
[2020-03-08T23:33:06.428] [DEBUG] cheese - admin
[2020-03-08T23:33:06.483] [DEBUG] cheese - null
[2020-03-08T23:33:06.484] [DEBUG] cheese - null
[2020-03-08T23:33:18.033] [DEBUG] cheese - login => username:admin,password:123456
[2020-03-08T23:33:18.033] [DEBUG] cheese - admin
[2020-03-08T23:33:18.039] [DEBUG] cheese - null
[2020-03-08T23:33:18.039] [DEBUG] cheese - null
[2020-05-10T14:25:31.868] [DEBUG] cheese - login => username:admin,password:123456
[2020-05-10T14:25:31.870] [DEBUG] cheese - admin
[2020-05-10T14:25:31.873] [DEBUG] cheese - null
[2020-05-10T14:25:31.874] [DEBUG] cheese - null
[2020-05-10T15:07:35.379] [DEBUG] cheese - login => username:admin,password:123456
[2020-05-10T15:07:35.380] [DEBUG] cheese - admin
[2020-05-10T15:07:35.383] [DEBUG] cheese - null
[2020-05-10T15:07:35.384] [DEBUG] cheese - null
[2020-05-10T19:03:52.723] [DEBUG] cheese - null
[2020-05-10T20:19:05.862] [DEBUG] cheese - null
[2020-05-10T20:19:08.042] [DEBUG] cheese - null
[2020-05-10T20:19:14.916] [DEBUG] cheese - null
[2020-05-10T20:20:50.707] [DEBUG] cheese - null
[2020-05-10T20:34:35.234] [DEBUG] cheese - null
[2020-05-10T21:08:59.662] [DEBUG] cheese - null
[2020-05-10T21:09:16.626] [DEBUG] cheese - null
[2020-05-10T21:15:11.631] [DEBUG] cheese - login => username:admin,password:123456
[2020-05-10T21:15:11.631] [DEBUG] cheese - admin
[2020-05-10T21:15:11.642] [DEBUG] cheese - null
[2020-05-10T21:15:11.642] [DEBUG] cheese - null
[2020-05-10T21:15:41.909] [DEBUG] cheese - null
[2020-05-10T21:18:11.022] [DEBUG] cheese - null
[2020-05-10T21:20:39.783] [DEBUG] cheese - null
[2020-05-10T21:20:45.997] [DEBUG] cheese - null
[2020-05-10T21:20:50.276] [DEBUG] cheese - null
[2020-05-10T21:21:09.950] [DEBUG] cheese - null
[2020-05-10T21:21:39.098] [DEBUG] cheese - null
[2020-05-10T21:21:57.069] [DEBUG] cheese - null
[2020-05-10T21:22:59.172] [DEBUG] cheese - null
[2020-05-10T21:23:19.060] [DEBUG] cheese - null
[2020-05-10T21:23:22.356] [DEBUG] cheese - null
[2020-05-10T21:24:14.849] [DEBUG] cheese - null
[2020-05-11T18:50:51.339] [DEBUG] cheese - login => username:admin,password:123456
[2020-05-11T18:50:51.341] [DEBUG] cheese - admin
[2020-05-11T18:50:51.399] [DEBUG] cheese - null
[2020-05-11T18:50:51.399] [DEBUG] cheese - null
[2020-05-11T19:11:07.509] [DEBUG] cheese - login => username:admin,password:123456
[2020-05-11T19:11:07.509] [DEBUG] cheese - admin
[2020-05-11T19:11:07.512] [DEBUG] cheese - null
[2020-05-11T19:11:07.513] [DEBUG] cheese - null
[2020-05-11T19:14:58.951] [DEBUG] cheese - login => username:admin,password:123456
[2020-05-11T19:14:58.951] [DEBUG] cheese - admin
[2020-05-11T19:14:58.955] [DEBUG] cheese - null
[2020-05-11T19:14:58.955] [DEBUG] cheese - null
[2020-05-11T19:15:12.212] [DEBUG] cheese - login => username:admin,password:123456
[2020-05-11T19:15:12.212] [DEBUG] cheese - admin
[2020-05-11T19:15:12.214] [DEBUG] cheese - null
[2020-05-11T19:15:12.214] [DEBUG] cheese - null
[2020-05-11T19:17:08.497] [DEBUG] cheese - null
[2021-04-01T20:47:39.264] [DEBUG] cheese - login => username:admin,password:123456
[2021-04-01T20:47:39.277] [DEBUG] cheese - admin
[2021-04-01T20:47:39.299] [DEBUG] cheese - null
[2021-04-01T20:47:39.300] [DEBUG] cheese - null
[2021-04-01T20:48:15.203] [DEBUG] cheese - login => username:admin,password:123456
[2021-04-01T20:48:15.203] [DEBUG] cheese - admin
[2021-04-01T20:48:15.209] [DEBUG] cheese - null
[2021-04-01T20:48:15.209] [DEBUG] cheese - null
[2021-04-01T21:52:35.223] [DEBUG] cheese - login => username:admin,password:123456
[2021-04-01T21:52:35.226] [DEBUG] cheese - admin
[2021-04-01T21:52:35.246] [DEBUG] cheese - null
[2021-04-01T21:52:35.246] [DEBUG] cheese - null
[2021-04-01T21:52:46.743] [DEBUG] cheese - login => username:admin,password:123456
[2021-04-01T21:52:46.743] [DEBUG] cheese - admin
[2021-04-01T21:52:46.756] [DEBUG] cheese - null
[2021-04-01T21:52:46.756] [DEBUG] cheese - null
[2021-04-01T21:53:15.777] [DEBUG] cheese - login => username:admin,password:123456
[2021-04-01T21:53:15.777] [DEBUG] cheese - admin
[2021-04-01T21:53:15.787] [DEBUG] cheese - null
[2021-04-01T21:53:15.787] [DEBUG] cheese - null
[2021-04-01T21:53:17.967] [DEBUG] cheese - login => username:admin,password:123456
[2021-04-01T21:53:17.967] [DEBUG] cheese - admin
[2021-04-01T21:53:17.969] [DEBUG] cheese - null
[2021-04-01T21:53:17.969] [DEBUG] cheese - null
[2021-04-01T21:54:15.991] [DEBUG] cheese - login => username:admin,password:123456
[2021-04-01T21:54:15.991] [DEBUG] cheese - admin
[2021-04-01T21:54:15.993] [DEBUG] cheese - null
[2021-04-01T21:54:15.993] [DEBUG] cheese - null
[2021-04-01T21:55:08.439] [DEBUG] cheese - login => username:admin,password:123456
[2021-04-01T21:55:08.439] [DEBUG] cheese - admin
[2021-04-01T21:55:08.443] [DEBUG] cheese - null
[2021-04-01T21:55:08.443] [DEBUG] cheese - null
[2021-04-01T21:55:54.081] [DEBUG] cheese - login => username:ls,password:1454
[2021-04-01T21:55:54.081] [DEBUG] cheese - ls
[2021-04-01T21:55:54.086] [DEBUG] cheese - null
[2021-04-01T21:55:54.086] [DEBUG] cheese - null
[2021-04-01T22:34:11.223] [DEBUG] cheese - login => username:ls,password:1454
[2021-04-01T22:34:11.230] [DEBUG] cheese - ls
[2021-04-01T22:34:11.250] [DEBUG] cheese - null
[2021-04-01T22:34:11.251] [DEBUG] cheese - null
[2021-04-01T22:34:17.121] [DEBUG] cheese - login => username:admin,password:123456
[2021-04-01T22:34:17.121] [DEBUG] cheese - admin
[2021-04-01T22:34:17.129] [DEBUG] cheese - null
[2021-04-01T22:34:17.129] [DEBUG] cheese - null
[2021-04-01T22:34:38.016] [DEBUG] cheese - login => username:zs,password:a
[2021-04-01T22:34:38.016] [DEBUG] cheese - zs
[2021-04-01T22:34:38.020] [DEBUG] cheese - null
[2021-04-01T22:34:38.022] [DEBUG] cheese - null
[2021-04-01T22:51:34.319] [DEBUG] cheese - login => username:zs,password:a
[2021-04-01T22:51:34.325] [DEBUG] cheese - zs
[2021-04-01T22:51:34.335] [DEBUG] cheese - null
[2021-04-01T22:51:34.336] [DEBUG] cheese - null
[2021-04-01T22:51:35.400] [DEBUG] cheese - login => username:zs,password:a
[2021-04-01T22:51:35.401] [DEBUG] cheese - zs
[2021-04-01T22:51:35.403] [DEBUG] cheese - null
[2021-04-01T22:51:35.404] [DEBUG] cheese - null
[2021-04-01T22:51:42.755] [DEBUG] cheese - login => username:admin,password:123456
[2021-04-01T22:51:42.755] [DEBUG] cheese - admin
[2021-04-01T22:51:42.760] [DEBUG] cheese - null
[2021-04-01T22:51:42.760] [DEBUG] cheese - null
[2021-04-19T20:17:01.747] [DEBUG] cheese - login => username:lurongjie,password:123456
[2021-04-19T20:17:01.750] [DEBUG] cheese - lurongjie
[2021-04-19T20:17:01.803] [DEBUG] cheese - null
[2021-04-19T20:17:01.804] [DEBUG] cheese - null
[2021-04-19T20:18:48.309] [DEBUG] cheese - login => username:lurongjie,password:123456
[2021-04-19T20:18:48.309] [DEBUG] cheese - lurongjie
[2021-04-19T20:18:48.311] [DEBUG] cheese - null
[2021-04-19T20:18:48.311] [DEBUG] cheese - null
[2021-04-19T20:21:49.409] [DEBUG] cheese - login => username:lurongjie,password:123456
[2021-04-19T20:21:49.409] [DEBUG] cheese - lurongjie
[2021-04-19T20:21:49.412] [DEBUG] cheese - null
[2021-04-19T20:21:49.412] [DEBUG] cheese - null
[2021-04-19T20:22:59.495] [DEBUG] cheese - login => username:lurongjie,password:123456
[2021-04-19T20:22:59.495] [DEBUG] cheese - lurongjie
[2021-04-19T20:22:59.497] [DEBUG] cheese - null
[2021-04-19T20:22:59.497] [DEBUG] cheese - null
[2021-04-19T20:23:08.764] [DEBUG] cheese - login => username:lurongjie,password:123456
[2021-04-19T20:23:08.764] [DEBUG] cheese - lurongjie
[2021-04-19T20:23:08.777] [DEBUG] cheese - null
[2021-04-19T20:23:08.777] [DEBUG] cheese - null
[2021-04-19T20:31:17.855] [DEBUG] cheese - login => username:lurongjie,password:123456
[2021-04-19T20:31:17.855] [DEBUG] cheese - lurongjie
[2021-04-19T20:31:17.870] [DEBUG] cheese - null
[2021-04-19T20:31:17.870] [DEBUG] cheese - null
[2021-04-19T20:31:20.164] [DEBUG] cheese - login => username:lurongjie,password:123456
[2021-04-19T20:31:20.164] [DEBUG] cheese - lurongjie
[2021-04-19T20:31:20.166] [DEBUG] cheese - null
[2021-04-19T20:31:20.166] [DEBUG] cheese - null
[2021-04-19T20:31:20.563] [DEBUG] cheese - login => username:lurongjie,password:123456
[2021-04-19T20:31:20.572] [DEBUG] cheese - lurongjie
[2021-04-19T20:31:20.577] [DEBUG] cheese - null
[2021-04-19T20:31:20.577] [DEBUG] cheese - null
[2021-04-19T20:31:20.755] [DEBUG] cheese - login => username:lurongjie,password:123456
[2021-04-19T20:31:20.755] [DEBUG] cheese - lurongjie
[2021-04-19T20:31:20.756] [DEBUG] cheese - null
[2021-04-19T20:31:20.757] [DEBUG] cheese - null
[2021-04-19T20:31:20.963] [DEBUG] cheese - login => username:lurongjie,password:123456
[2021-04-19T20:31:20.964] [DEBUG] cheese - lurongjie
[2021-04-19T20:31:20.972] [DEBUG] cheese - null
[2021-04-19T20:31:20.972] [DEBUG] cheese - null
[2021-04-19T20:32:21.496] [DEBUG] cheese - login => username:admin,password:123456
[2021-04-19T20:32:21.496] [DEBUG] cheese - admin
[2021-04-19T20:32:21.526] [DEBUG] cheese - null
[2021-04-19T20:32:21.526] [DEBUG] cheese - null
[2021-04-19T20:41:52.260] [DEBUG] cheese - login => username:admin,password:123456
[2021-04-19T20:41:52.260] [DEBUG] cheese - admin
[2021-04-19T20:41:52.263] [DEBUG] cheese - null
[2021-04-19T20:41:52.263] [DEBUG] cheese - null
[2021-04-19T20:42:37.824] [DEBUG] cheese - login => username:admin,password:123456
[2021-04-19T20:42:37.824] [DEBUG] cheese - admin
[2021-04-19T20:42:37.826] [DEBUG] cheese - null
[2021-04-19T20:42:37.826] [DEBUG] cheese - null
[2021-04-19T20:43:01.356] [DEBUG] cheese - login => username:admin,password:123456
[2021-04-19T20:43:01.357] [DEBUG] cheese - admin
[2021-04-19T20:43:01.358] [DEBUG] cheese - null
[2021-04-19T20:43:01.358] [DEBUG] cheese - null
[2021-04-19T20:43:06.321] [DEBUG] cheese - login => username:admin,password:123456
[2021-04-19T20:43:06.321] [DEBUG] cheese - admin
[2021-04-19T20:43:06.327] [DEBUG] cheese - null
[2021-04-19T20:43:06.327] [DEBUG] cheese - null
[2021-04-19T20:43:34.940] [DEBUG] cheese - login => username:admin,password:123456
[2021-04-19T20:43:34.940] [DEBUG] cheese - admin
[2021-04-19T20:43:34.944] [DEBUG] cheese - null
[2021-04-19T20:43:34.944] [DEBUG] cheese - null
[2021-04-19T20:54:56.833] [DEBUG] cheese - login => username:admin,password:123456
[2021-04-19T20:54:56.833] [DEBUG] cheese - admin
[2021-04-19T20:54:56.835] [DEBUG] cheese - null
[2021-04-19T20:54:56.835] [DEBUG] cheese - null
[2021-04-19T20:55:02.114] [DEBUG] cheese - login => username:admin,password:123456
[2021-04-19T20:55:02.114] [DEBUG] cheese - admin
[2021-04-19T20:55:02.116] [DEBUG] cheese - null
[2021-04-19T20:55:02.116] [DEBUG] cheese - null
[2021-04-19T20:55:31.175] [DEBUG] cheese - login => username:admin,password:123456
[2021-04-19T20:55:31.175] [DEBUG] cheese - admin
[2021-04-19T20:55:31.178] [DEBUG] cheese - null
[2021-04-19T20:55:31.178] [DEBUG] cheese - null
[2021-04-19T20:55:52.862] [DEBUG] cheese - login => username:admin,password:123456
[2021-04-19T20:55:52.862] [DEBUG] cheese - admin
[2021-04-19T20:55:52.864] [DEBUG] cheese - null
[2021-04-19T20:55:52.864] [DEBUG] cheese - null
[2021-04-19T20:56:14.994] [DEBUG] cheese - login => username:admin,password:123456
[2021-04-19T20:56:14.994] [DEBUG] cheese - admin
[2021-04-19T20:56:14.995] [DEBUG] cheese - null
[2021-04-19T20:56:14.995] [DEBUG] cheese - null
[2021-04-19T20:57:07.266] [DEBUG] cheese - login => username:admin,password:123456
[2021-04-19T20:57:07.266] [DEBUG] cheese - admin
[2021-04-19T20:57:07.268] [DEBUG] cheese - null
[2021-04-19T20:57:07.268] [DEBUG] cheese - null
[2021-04-19T20:58:28.739] [DEBUG] cheese - login => username:admin,password:123456
[2021-04-19T20:58:28.740] [DEBUG] cheese - admin
[2021-04-19T20:58:28.741] [DEBUG] cheese - null
[2021-04-19T20:58:28.741] [DEBUG] cheese - null
[2021-04-19T20:59:20.146] [DEBUG] cheese - login => username:admin,password:123456
[2021-04-19T20:59:20.146] [DEBUG] cheese - admin
[2021-04-19T20:59:20.148] [DEBUG] cheese - null
[2021-04-19T20:59:20.148] [DEBUG] cheese - null
[2021-04-19T20:59:56.557] [DEBUG] cheese - login => username:admin,password:123456
[2021-04-19T20:59:56.557] [DEBUG] cheese - admin
[2021-04-19T20:59:56.560] [DEBUG] cheese - null
[2021-04-19T20:59:56.560] [DEBUG] cheese - null
[2021-04-19T21:01:16.822] [DEBUG] cheese - login => username:admin,password:123456
[2021-04-19T21:01:16.822] [DEBUG] cheese - admin
[2021-04-19T21:01:16.824] [DEBUG] cheese - null
[2021-04-19T21:01:16.824] [DEBUG] cheese - null
[2021-04-19T21:01:28.051] [DEBUG] cheese - login => username:admin,password:123456
[2021-04-19T21:01:28.051] [DEBUG] cheese - admin
[2021-04-19T21:01:28.053] [DEBUG] cheese - null
[2021-04-19T21:01:28.053] [DEBUG] cheese - null
[2021-04-19T21:01:41.212] [DEBUG] cheese - login => username:admin,password:123456
[2021-04-19T21:01:41.212] [DEBUG] cheese - admin
[2021-04-19T21:01:41.215] [DEBUG] cheese - null
[2021-04-19T21:01:41.215] [DEBUG] cheese - null
[2021-04-19T21:02:06.873] [DEBUG] cheese - login => username:admin,password:123456
[2021-04-19T21:02:06.873] [DEBUG] cheese - admin
[2021-04-19T21:02:06.874] [DEBUG] cheese - null
[2021-04-19T21:02:06.874] [DEBUG] cheese - null
[2021-04-19T21:02:38.820] [DEBUG] cheese - login => username:admin,password:123456
[2021-04-19T21:02:38.820] [DEBUG] cheese - admin
[2021-04-19T21:02:38.822] [DEBUG] cheese - null
[2021-04-19T21:02:38.822] [DEBUG] cheese - null
[2021-04-19T21:02:55.785] [DEBUG] cheese - login => username:admin,password:123456
[2021-04-19T21:02:55.785] [DEBUG] cheese - admin
[2021-04-19T21:02:55.787] [DEBUG] cheese - null
[2021-04-19T21:02:55.787] [DEBUG] cheese - null
[2021-04-19T21:03:14.908] [DEBUG] cheese - login => username:admin,password:123456
[2021-04-19T21:03:14.908] [DEBUG] cheese - admin
[2021-04-19T21:03:14.910] [DEBUG] cheese - null
[2021-04-19T21:03:14.910] [DEBUG] cheese - null
[2021-04-19T21:04:07.478] [DEBUG] cheese - login => username:admin,password:123456
[2021-04-19T21:04:07.478] [DEBUG] cheese - admin
[2021-04-19T21:04:07.480] [DEBUG] cheese - null
[2021-04-19T21:04:07.480] [DEBUG] cheese - null
[2021-04-19T21:04:39.394] [DEBUG] cheese - login => username:admin,password:123456
[2021-04-19T21:04:39.394] [DEBUG] cheese - admin
[2021-04-19T21:04:39.396] [DEBUG] cheese - null
[2021-04-19T21:04:39.396] [DEBUG] cheese - null
[2021-04-19T21:05:11.788] [DEBUG] cheese - login => username:admin,password:123456
[2021-04-19T21:05:11.788] [DEBUG] cheese - admin
[2021-04-19T21:05:11.793] [DEBUG] cheese - null
[2021-04-19T21:05:11.793] [DEBUG] cheese - null
[2021-04-19T21:05:33.657] [DEBUG] cheese - login => username:admin,password:123456
[2021-04-19T21:05:33.657] [DEBUG] cheese - admin
[2021-04-19T21:05:33.663] [DEBUG] cheese - null
[2021-04-19T21:05:33.663] [DEBUG] cheese - null
[2021-04-19T21:05:40.391] [DEBUG] cheese - login => username:admin,password:123456
[2021-04-19T21:05:40.391] [DEBUG] cheese - admin
[2021-04-19T21:05:40.393] [DEBUG] cheese - null
[2021-04-19T21:05:40.393] [DEBUG] cheese - null
[2021-04-19T21:05:50.281] [DEBUG] cheese - login => username:admin,password:123456
[2021-04-19T21:05:50.281] [DEBUG] cheese - admin
[2021-04-19T21:05:50.284] [DEBUG] cheese - null
[2021-04-19T21:05:50.284] [DEBUG] cheese - null
[2021-04-19T21:07:42.031] [DEBUG] cheese - login => username:admin,password:123456
[2021-04-19T21:07:42.031] [DEBUG] cheese - admin
[2021-04-19T21:07:42.033] [DEBUG] cheese - null
[2021-04-19T21:07:42.033] [DEBUG] cheese - null
[2021-04-19T21:13:33.471] [DEBUG] cheese - login => username:admin,password:123456
[2021-04-19T21:13:33.471] [DEBUG] cheese - admin
[2021-04-19T21:13:33.475] [DEBUG] cheese - null
[2021-04-19T21:13:33.475] [DEBUG] cheese - null
[2021-04-19T21:14:43.982] [DEBUG] cheese - login => username:admin,password:123456
[2021-04-19T21:14:43.982] [DEBUG] cheese - admin
[2021-04-19T21:14:43.984] [DEBUG] cheese - null
[2021-04-19T21:14:43.984] [DEBUG] cheese - null
[2021-04-20T15:43:15.778] [DEBUG] cheese - login => username:admin,password:123456
[2021-04-20T15:43:15.779] [DEBUG] cheese - admin
[2021-04-20T15:43:15.802] [DEBUG] cheese - null
[2021-04-20T15:43:15.802] [DEBUG] cheese - null
[2021-04-20T22:59:01.939] [DEBUG] cheese - login => username:admin,password:123456
[2021-04-20T22:59:01.940] [DEBUG] cheese - admin
[2021-04-20T22:59:01.973] [DEBUG] cheese - null
[2021-04-20T22:59:01.973] [DEBUG] cheese - null
[2021-04-20T23:00:11.472] [DEBUG] cheese - login => username:admin,password:123456
[2021-04-20T23:00:11.472] [DEBUG] cheese - admin
[2021-04-20T23:00:11.475] [DEBUG] cheese - null
[2021-04-20T23:00:11.475] [DEBUG] cheese - null
[2021-04-23T20:16:16.329] [DEBUG] cheese - login => username:admin,password:123456
[2021-04-23T20:16:16.331] [DEBUG] cheese - admin
[2021-04-23T20:16:16.378] [DEBUG] cheese - null
[2021-04-23T20:16:16.378] [DEBUG] cheese - null
[2021-04-23T20:37:43.557] [DEBUG] cheese - login => username:admin,password:123456
[2021-04-23T20:37:43.557] [DEBUG] cheese - admin
[2021-04-23T20:37:43.561] [DEBUG] cheese - null
[2021-04-23T20:37:43.561] [DEBUG] cheese - null
[2021-04-23T20:38:22.125] [DEBUG] cheese - login => username:admin,password:123456
[2021-04-23T20:38:22.125] [DEBUG] cheese - admin
[2021-04-23T20:38:22.128] [DEBUG] cheese - null
[2021-04-23T20:38:22.128] [DEBUG] cheese - null
[2021-04-23T21:46:58.248] [DEBUG] cheese - login => username:admin,password:123456
[2021-04-23T21:46:58.251] [DEBUG] cheese - admin
[2021-04-23T21:46:58.263] [DEBUG] cheese - null
[2021-04-23T21:46:58.264] [DEBUG] cheese - null
[2021-04-24T14:40:36.133] [DEBUG] cheese - login => username:admin,password:123456
[2021-04-24T14:40:36.136] [DEBUG] cheese - admin
[2021-04-24T14:40:36.183] [DEBUG] cheese - null
[2021-04-24T14:40:36.184] [DEBUG] cheese - null
[2021-04-24T14:41:26.622] [DEBUG] cheese - login => username:admin,password:123456
[2021-04-24T14:41:26.623] [DEBUG] cheese - admin
[2021-04-24T14:41:26.628] [DEBUG] cheese - null
[2021-04-24T14:41:26.628] [DEBUG] cheese - null
[2021-04-24T14:43:20.949] [DEBUG] cheese - login => username:admin,password:123456
[2021-04-24T14:43:20.949] [DEBUG] cheese - admin
[2021-04-24T14:43:20.952] [DEBUG] cheese - null
[2021-04-24T14:43:20.952] [DEBUG] cheese - null
[2021-04-24T14:55:25.356] [DEBUG] cheese - login => username:admin,password:123456
[2021-04-24T14:55:25.357] [DEBUG] cheese - admin
[2021-04-24T14:55:25.372] [DEBUG] cheese - null
[2021-04-24T14:55:25.372] [DEBUG] cheese - null
[2021-04-24T14:56:05.526] [DEBUG] cheese - login => username:admin,password:123456
[2021-04-24T14:56:05.526] [DEBUG] cheese - admin
[2021-04-24T14:56:05.546] [DEBUG] cheese - null
[2021-04-24T14:56:05.547] [DEBUG] cheese - null
[2021-04-24T15:05:05.614] [DEBUG] cheese - login => username:admin,password:123456
[2021-04-24T15:05:05.615] [DEBUG] cheese - admin
[2021-04-24T15:05:05.618] [DEBUG] cheese - null
[2021-04-24T15:05:05.618] [DEBUG] cheese - null
[2021-04-24T15:11:17.666] [DEBUG] cheese - login => username:admin,password:123456
[2021-04-24T15:11:17.666] [DEBUG] cheese - admin
[2021-04-24T15:11:17.684] [DEBUG] cheese - null
[2021-04-24T15:11:17.684] [DEBUG] cheese - null
[2021-04-24T15:22:59.079] [DEBUG] cheese - login => username:admin,password:123456
[2021-04-24T15:22:59.079] [DEBUG] cheese - admin
[2021-04-24T15:22:59.085] [DEBUG] cheese - null
[2021-04-24T15:22:59.085] [DEBUG] cheese - null
[2021-04-24T20:54:54.682] [DEBUG] cheese - login => username:admin,password:123456
[2021-04-24T20:54:54.684] [DEBUG] cheese - admin
[2021-04-24T20:54:54.697] [DEBUG] cheese - null
[2021-04-24T20:54:54.698] [DEBUG] cheese - null
[2021-04-25T20:11:33.962] [DEBUG] cheese - login => username:admin,password:123456
[2021-04-25T20:11:33.967] [DEBUG] cheese - admin
[2021-04-25T20:11:33.993] [DEBUG] cheese - null
[2021-04-25T20:11:33.994] [DEBUG] cheese - null
[2021-04-26T19:41:30.791] [DEBUG] cheese - login => username:admin,password:123456
[2021-04-26T19:41:30.794] [DEBUG] cheese - admin
[2021-04-26T19:41:30.798] [DEBUG] cheese - null
[2021-04-26T19:41:30.798] [DEBUG] cheese - null
[2021-04-26T20:32:13.336] [DEBUG] cheese - login => username:admin,password:123456
[2021-04-26T20:32:13.336] [DEBUG] cheese - admin
[2021-04-26T20:32:13.340] [DEBUG] cheese - null
[2021-04-26T20:32:13.341] [DEBUG] cheese - null
[2021-05-04T15:06:00.050] [DEBUG] cheese - login => username:admin,password:123456
[2021-05-04T15:06:00.052] [DEBUG] cheese - admin
[2021-05-04T15:06:00.082] [DEBUG] cheese - null
[2021-05-04T15:06:00.082] [DEBUG] cheese - null
[2021-05-04T15:32:24.413] [DEBUG] cheese - login => username:admin,password:123456
[2021-05-04T15:32:24.414] [DEBUG] cheese - admin
[2021-05-04T15:32:24.418] [DEBUG] cheese - null
[2021-05-04T15:32:24.418] [DEBUG] cheese - null
[2021-05-04T15:49:11.643] [DEBUG] cheese - login => username:admin,password:123456
[2021-05-04T15:49:11.644] [DEBUG] cheese - admin
[2021-05-04T15:49:11.651] [DEBUG] cheese - null
[2021-05-04T15:49:11.652] [DEBUG] cheese - null
[2021-05-04T16:23:41.601] [DEBUG] cheese - login => username:admin,password:123456
[2021-05-04T16:23:41.601] [DEBUG] cheese - admin
[2021-05-04T16:23:41.606] [DEBUG] cheese - null
[2021-05-04T16:23:41.606] [DEBUG] cheese - null
[2021-05-04T16:28:51.752] [DEBUG] cheese - login => username:admin,password:123456
[2021-05-04T16:28:51.752] [DEBUG] cheese - admin
[2021-05-04T16:28:51.755] [DEBUG] cheese - null
[2021-05-04T16:28:51.755] [DEBUG] cheese - null
[2021-05-05T14:56:37.442] [DEBUG] cheese - login => username:admin,password:123456
[2021-05-05T14:56:37.446] [DEBUG] cheese - admin
[2021-05-05T14:56:37.453] [DEBUG] cheese - null
[2021-05-05T14:56:37.453] [DEBUG] cheese - null
[2021-05-05T15:17:26.162] [DEBUG] cheese - null
[2021-05-05T15:20:58.658] [DEBUG] cheese - null
[2021-05-05T15:22:13.747] [DEBUG] cheese - null
[2021-05-05T15:22:19.334] [DEBUG] cheese - null
[2021-05-05T15:44:39.686] [DEBUG] cheese - login => username:admin,password:123456
[2021-05-05T15:44:39.686] [DEBUG] cheese - admin
[2021-05-05T15:44:39.690] [DEBUG] cheese - null
[2021-05-05T15:44:39.690] [DEBUG] cheese - null
[2021-05-05T16:41:22.575] [DEBUG] cheese - login => username:admin,password:123456
[2021-05-05T16:41:22.575] [DEBUG] cheese - admin
[2021-05-05T16:41:22.580] [DEBUG] cheese - null
[2021-05-05T16:41:22.580] [DEBUG] cheese - null
[2021-05-06T20:38:02.385] [DEBUG] cheese - login => username:admin,password:123456
[2021-05-06T20:38:02.404] [DEBUG] cheese - admin
[2021-05-06T20:38:02.588] [DEBUG] cheese - null
[2021-05-06T20:38:02.588] [DEBUG] cheese - null
[2021-05-06T21:00:35.937] [DEBUG] cheese - null
[2021-05-06T21:01:04.037] [DEBUG] cheese - null
[2021-05-06T22:02:49.915] [DEBUG] cheese - login => username:admin,password:123456
[2021-05-06T22:02:49.918] [DEBUG] cheese - admin
[2021-05-06T22:02:49.922] [DEBUG] cheese - null
[2021-05-06T22:02:49.923] [DEBUG] cheese - null
[2021-05-09T13:50:49.087] [DEBUG] cheese - login => username:admin,password:123456
[2021-05-09T13:50:49.097] [DEBUG] cheese - admin
[2021-05-09T13:50:49.180] [DEBUG] cheese - null
[2021-05-09T13:50:49.181] [DEBUG] cheese - null
[2021-05-09T15:32:10.267] [DEBUG] cheese - login => username:admin,password:123456
[2021-05-09T15:32:10.271] [DEBUG] cheese - admin
[2021-05-09T15:32:10.284] [DEBUG] cheese - null
[2021-05-09T15:32:10.285] [DEBUG] cheese - null
[2021-05-09T16:38:06.431] [DEBUG] cheese - login => username:admin,password:123456
[2021-05-09T16:38:06.433] [DEBUG] cheese - admin
[2021-05-09T16:38:06.440] [DEBUG] cheese - null
[2021-05-09T16:38:06.441] [DEBUG] cheese - null
[2021-05-09T16:48:08.730] [DEBUG] cheese - login => username:admin,password:123456
[2021-05-09T16:48:08.733] [DEBUG] cheese - admin
[2021-05-09T16:48:08.738] [DEBUG] cheese - null
[2021-05-09T16:48:08.739] [DEBUG] cheese - null
[2021-05-10T16:48:45.399] [DEBUG] cheese - login => username:admin,password:123456
[2021-05-10T16:48:45.403] [DEBUG] cheese - admin
[2021-05-10T16:48:45.414] [DEBUG] cheese - null
[2021-05-10T16:48:45.416] [DEBUG] cheese - null
[2021-05-10T20:45:33.248] [DEBUG] cheese - login => username:admin,password:123456
[2021-05-10T20:45:33.253] [DEBUG] cheese - admin
[2021-05-10T20:45:33.267] [DEBUG] cheese - null
[2021-05-10T20:45:33.268] [DEBUG] cheese - null
[2021-05-10T20:50:32.231] [DEBUG] cheese - login => username:admin,password:123456
[2021-05-10T20:50:32.247] [DEBUG] cheese - admin
[2021-05-10T20:50:32.253] [DEBUG] cheese - null
[2021-05-10T20:50:32.253] [DEBUG] cheese - null
[2021-05-10T20:53:15.498] [DEBUG] cheese - login => username:admin,password:123456
[2021-05-10T20:53:15.499] [DEBUG] cheese - admin
[2021-05-10T20:53:15.502] [DEBUG] cheese - null
[2021-05-10T20:53:15.502] [DEBUG] cheese - null
[2021-05-10T21:04:04.013] [DEBUG] cheese - login => username:admin,password:123456
[2021-05-10T21:04:04.015] [DEBUG] cheese - admin
[2021-05-10T21:04:04.018] [DEBUG] cheese - null
[2021-05-10T21:04:04.019] [DEBUG] cheese - null
[2021-05-10T21:42:14.438] [DEBUG] cheese - login => username:admin,password:123456
[2021-05-10T21:42:14.439] [DEBUG] cheese - admin
[2021-05-10T21:42:14.446] [DEBUG] cheese - null
[2021-05-10T21:42:14.447] [DEBUG] cheese - null
[2021-05-10T23:23:17.133] [DEBUG] cheese - login => username:admin,password:123456
[2021-05-10T23:23:17.134] [DEBUG] cheese - admin
[2021-05-10T23:23:17.139] [DEBUG] cheese - null
[2021-05-10T23:23:17.140] [DEBUG] cheese - null
[2021-05-11T19:58:10.871] [DEBUG] cheese - login => username:admin,password:123456
[2021-05-11T19:58:10.875] [DEBUG] cheese - admin
[2021-05-11T19:58:10.883] [DEBUG] cheese - login => username:admin,password:123456
[2021-05-11T19:58:10.883] [DEBUG] cheese - admin
[2021-05-11T19:58:10.910] [DEBUG] cheese - login => username:admin,password:123456
[2021-05-11T19:58:10.910] [DEBUG] cheese - admin
[2021-05-11T19:58:10.913] [DEBUG] cheese - login => username:admin,password:123456
[2021-05-11T19:58:10.913] [DEBUG] cheese - admin
[2021-05-11T19:58:10.919] [DEBUG] cheese - login => username:admin,password:123456
[2021-05-11T19:58:10.920] [DEBUG] cheese - admin
[2021-05-11T19:58:10.925] [DEBUG] cheese - login => username:admin,password:123456
[2021-05-11T19:58:10.925] [DEBUG] cheese - admin
[2021-05-11T19:58:10.927] [DEBUG] cheese - login => username:admin,password:123456
[2021-05-11T19:58:10.928] [DEBUG] cheese - admin
[2021-05-11T19:58:10.942] [DEBUG] cheese - login => username:admin,password:123456
[2021-05-11T19:58:10.942] [DEBUG] cheese - admin
[2021-05-11T19:58:10.950] [DEBUG] cheese - null
[2021-05-11T19:58:10.950] [DEBUG] cheese - null
[2021-05-11T19:58:11.039] [DEBUG] cheese - null
[2021-05-11T19:58:11.041] [DEBUG] cheese - null
[2021-05-11T19:58:11.126] [DEBUG] cheese - null
[2021-05-11T19:58:11.127] [DEBUG] cheese - null
[2021-05-11T19:58:11.247] [DEBUG] cheese - null
[2021-05-11T19:58:11.247] [DEBUG] cheese - null
[2021-05-11T19:58:11.346] [DEBUG] cheese - null
[2021-05-11T19:58:11.346] [DEBUG] cheese - null
[2021-05-11T19:58:11.455] [DEBUG] cheese - null
[2021-05-11T19:58:11.455] [DEBUG] cheese - null
[2021-05-11T19:58:11.543] [DEBUG] cheese - null
[2021-05-11T19:58:11.543] [DEBUG] cheese - null
[2021-05-11T19:58:11.653] [DEBUG] cheese - login => username:admin,password:123456
[2021-05-11T19:58:11.653] [DEBUG] cheese - admin
[2021-05-11T19:58:11.655] [DEBUG] cheese - null
[2021-05-11T19:58:11.655] [DEBUG] cheese - null
[2021-05-11T19:58:11.753] [DEBUG] cheese - null
[2021-05-11T19:58:11.753] [DEBUG] cheese - null
[2021-05-11T20:00:37.817] [DEBUG] cheese - login => username:admin,password:123456
[2021-05-11T20:00:37.822] [DEBUG] cheese - admin
[2021-05-11T20:00:37.854] [DEBUG] cheese - login => username:admin,password:123456
[2021-05-11T20:00:37.855] [DEBUG] cheese - admin
[2021-05-11T20:00:37.858] [DEBUG] cheese - login => username:admin,password:123456
[2021-05-11T20:00:37.858] [DEBUG] cheese - admin
[2021-05-11T20:00:37.861] [DEBUG] cheese - login => username:admin,password:123456
[2021-05-11T20:00:37.861] [DEBUG] cheese - admin
[2021-05-11T20:00:37.863] [DEBUG] cheese - login => username:admin,password:123456
[2021-05-11T20:00:37.863] [DEBUG] cheese - admin
[2021-05-11T20:00:37.865] [DEBUG] cheese - login => username:admin,password:123456
[2021-05-11T20:00:37.865] [DEBUG] cheese - admin
[2021-05-11T20:00:37.870] [DEBUG] cheese - login => username:admin,password:123456
[2021-05-11T20:00:37.870] [DEBUG] cheese - admin
[2021-05-11T20:00:37.878] [DEBUG] cheese - null
[2021-05-11T20:00:37.880] [DEBUG] cheese - null
[2021-05-11T20:00:37.989] [DEBUG] cheese - null
[2021-05-11T20:00:37.989] [DEBUG] cheese - null
[2021-05-11T20:00:38.079] [DEBUG] cheese - null
[2021-05-11T20:00:38.079] [DEBUG] cheese - null
[2021-05-11T20:00:38.162] [DEBUG] cheese - null
[2021-05-11T20:00:38.162] [DEBUG] cheese - null
[2021-05-11T20:00:38.255] [DEBUG] cheese - null
[2021-05-11T20:00:38.255] [DEBUG] cheese - null
[2021-05-11T20:00:38.356] [DEBUG] cheese - null
[2021-05-11T20:00:38.357] [DEBUG] cheese - null
[2021-05-11T20:00:38.454] [DEBUG] cheese - null
[2021-05-11T20:00:38.454] [DEBUG] cheese - null
[2021-05-11T20:01:01.394] [DEBUG] cheese - login => username:admin,password:123456
[2021-05-11T20:01:01.395] [DEBUG] cheese - admin
[2021-05-11T20:01:01.402] [DEBUG] cheese - null
[2021-05-11T20:01:01.403] [DEBUG] cheese - null
[2021-05-11T20:01:16.412] [DEBUG] cheese - login => username:admin,password:123456
[2021-05-11T20:01:16.412] [DEBUG] cheese - admin
[2021-05-11T20:01:16.414] [DEBUG] cheese - null
[2021-05-11T20:01:16.414] [DEBUG] cheese - null
[2021-05-11T20:19:17.694] [DEBUG] cheese - login => username:admin,password:123456
[2021-05-11T20:19:17.696] [DEBUG] cheese - admin
[2021-05-11T20:19:17.700] [DEBUG] cheese - null
[2021-05-11T20:19:17.701] [DEBUG] cheese - null
[2021-05-11T21:42:00.502] [DEBUG] cheese - login => username:admin,password:123456
[2021-05-11T21:42:00.504] [DEBUG] cheese - admin
[2021-05-11T21:42:00.509] [DEBUG] cheese - null
[2021-05-11T21:42:00.509] [DEBUG] cheese - null
[2021-05-11T22:24:25.883] [DEBUG] cheese - login => username:admin,password:123456
[2021-05-11T22:24:25.884] [DEBUG] cheese - admin
[2021-05-11T22:24:25.891] [DEBUG] cheese - null
[2021-05-11T22:24:25.892] [DEBUG] cheese - null
[2021-05-11T22:27:52.898] [DEBUG] cheese - login => username:admin,password:123456
[2021-05-11T22:27:52.899] [DEBUG] cheese - admin
[2021-05-11T22:27:52.902] [DEBUG] cheese - null
[2021-05-11T22:27:52.903] [DEBUG] cheese - null
[2021-05-11T22:51:04.678] [DEBUG] cheese - login => username:admin,password:123456
[2021-05-11T22:51:04.679] [DEBUG] cheese - admin
[2021-05-11T22:51:04.684] [DEBUG] cheese - null
[2021-05-11T22:51:04.685] [DEBUG] cheese - null
[2021-05-16T17:45:30.176] [DEBUG] cheese - login => username:admin,password:123456
[2021-05-16T17:45:30.180] [DEBUG] cheese - admin
[2021-05-16T17:45:30.237] [DEBUG] cheese - null
[2021-05-16T17:45:30.237] [DEBUG] cheese - null
[2021-05-16T17:50:39.270] [DEBUG] cheese - login => username:admin,password:123456
[2021-05-16T17:50:39.272] [DEBUG] cheese - admin
[2021-05-16T17:50:39.276] [DEBUG] cheese - null
[2021-05-16T17:50:39.277] [DEBUG] cheese - null
[2021-05-16T19:29:09.733] [DEBUG] cheese - login => username:admin,password:123456
[2021-05-16T19:29:09.735] [DEBUG] cheese - admin
[2021-05-16T19:29:09.738] [DEBUG] cheese - null
[2021-05-16T19:29:09.739] [DEBUG] cheese - null
[2021-05-16T19:47:02.583] [DEBUG] cheese - login => username:admin,password:123456
[2021-05-16T19:47:02.584] [DEBUG] cheese - admin
[2021-05-16T19:47:02.585] [DEBUG] cheese - null
[2021-05-16T19:47:02.586] [DEBUG] cheese - null
[2021-05-16T22:42:07.813] [DEBUG] cheese - login => username:admin,password:123456
[2021-05-16T22:42:07.820] [DEBUG] cheese - admin
[2021-05-16T22:42:07.829] [DEBUG] cheese - null
[2021-05-16T22:42:07.830] [DEBUG] cheese - null
[2021-05-16T23:03:41.011] [DEBUG] cheese - login => username:admin,password:123456
[2021-05-16T23:03:41.011] [DEBUG] cheese - admin
[2021-05-16T23:03:41.018] [DEBUG] cheese - null
[2021-05-16T23:03:41.018] [DEBUG] cheese - null
[2021-05-18T22:14:23.307] [DEBUG] cheese - login => username:admin,password:123456
[2021-05-18T22:14:23.312] [DEBUG] cheese - admin
[2021-05-18T22:14:23.359] [DEBUG] cheese - null
[2021-05-18T22:14:23.359] [DEBUG] cheese - null
[2021-05-18T22:29:43.577] [DEBUG] cheese - login => username:admin,password:123456
[2021-05-18T22:29:43.577] [DEBUG] cheese - admin
[2021-05-18T22:29:43.580] [DEBUG] cheese - null
[2021-05-18T22:29:43.580] [DEBUG] cheese - null
[2021-05-20T21:49:56.201] [DEBUG] cheese - login => username:admin,password:123456
[2021-05-20T21:49:56.206] [DEBUG] cheese - admin
[2021-05-20T21:49:56.265] [DEBUG] cheese - null
[2021-05-20T21:49:56.265] [DEBUG] cheese - null
[2021-05-20T22:55:52.026] [DEBUG] cheese - login => username:admin,password:123456
[2021-05-20T22:55:52.030] [DEBUG] cheese - admin
[2021-05-20T22:55:52.037] [DEBUG] cheese - null
[2021-05-20T22:55:52.038] [DEBUG] cheese - null
[2021-05-20T22:58:04.768] [DEBUG] cheese - login => username:admin,password:123456
[2021-05-20T22:58:04.770] [DEBUG] cheese - admin
[2021-05-20T22:58:04.780] [DEBUG] cheese - null
[2021-05-20T22:58:04.781] [DEBUG] cheese - null
[2021-05-22T12:38:41.848] [DEBUG] cheese - login => username:admin,password:123456
[2021-05-22T12:38:41.852] [DEBUG] cheese - admin
[2021-05-22T12:38:41.894] [DEBUG] cheese - null
[2021-05-22T12:38:41.895] [DEBUG] cheese - null
[2021-05-22T13:04:31.918] [DEBUG] cheese - login => username:admin,password:123456
[2021-05-22T13:04:31.921] [DEBUG] cheese - admin
[2021-05-22T13:04:31.933] [DEBUG] cheese - null
[2021-05-22T13:04:31.935] [DEBUG] cheese - null
[2021-05-22T14:02:15.733] [DEBUG] cheese - login => username:admin,password:123456
[2021-05-22T14:02:15.736] [DEBUG] cheese - admin
[2021-05-22T14:02:15.743] [DEBUG] cheese - null
[2021-05-22T14:02:15.744] [DEBUG] cheese - null
[2021-05-22T15:07:56.499] [DEBUG] cheese - login => username:admin,password:123456
[2021-05-22T15:07:56.500] [DEBUG] cheese - admin
[2021-05-22T15:07:56.506] [DEBUG] cheese - null
[2021-05-22T15:07:56.507] [DEBUG] cheese - null
[2021-05-22T15:33:17.128] [DEBUG] cheese - login => username:admin,password:123456
[2021-05-22T15:33:17.131] [DEBUG] cheese - admin
[2021-05-22T15:33:17.142] [DEBUG] cheese - null
[2021-05-22T15:33:17.143] [DEBUG] cheese - null
[2021-05-22T15:45:07.664] [DEBUG] cheese - login => username:admin,password:123456
[2021-05-22T15:45:07.672] [DEBUG] cheese - admin
[2021-05-22T15:45:07.683] [DEBUG] cheese - null
[2021-05-22T15:45:07.684] [DEBUG] cheese - null
[2021-05-22T15:48:43.169] [DEBUG] cheese - null
[2021-05-22T15:50:43.083] [DEBUG] cheese - null
[2021-05-22T15:51:37.839] [DEBUG] cheese - null
[2021-05-22T16:50:14.109] [DEBUG] cheese - login => username:admin,password:123456
[2021-05-22T16:50:14.112] [DEBUG] cheese - admin
[2021-05-22T16:50:14.130] [DEBUG] cheese - null
[2021-05-22T16:50:14.131] [DEBUG] cheese - null
[2021-05-22T20:21:29.207] [DEBUG] cheese - login => username:admin,password:123456
[2021-05-22T20:21:29.208] [DEBUG] cheese - admin
[2021-05-22T20:21:29.221] [DEBUG] cheese - null
[2021-05-22T20:21:29.221] [DEBUG] cheese - null
[2021-05-23T10:49:16.230] [DEBUG] cheese - login => username:admin,password:123456
[2021-05-23T10:49:16.236] [DEBUG] cheese - admin
[2021-05-23T10:49:16.246] [DEBUG] cheese - null
[2021-05-23T10:49:16.247] [DEBUG] cheese - null
[2021-05-23T10:49:16.421] [DEBUG] cheese - login => username:admin,password:123456
[2021-05-23T10:49:16.421] [DEBUG] cheese - admin
[2021-05-23T10:49:16.428] [DEBUG] cheese - null
[2021-05-23T10:49:16.428] [DEBUG] cheese - null
[2021-05-23T10:51:39.516] [DEBUG] cheese - login => username:admin,password:123456
[2021-05-23T10:51:39.516] [DEBUG] cheese - admin
[2021-05-23T10:51:39.518] [DEBUG] cheese - null
[2021-05-23T10:51:39.518] [DEBUG] cheese - null
[2021-05-23T11:12:42.524] [DEBUG] cheese - login => username:admin,password:123456
[2021-05-23T11:12:42.527] [DEBUG] cheese - admin
[2021-05-23T11:12:42.532] [DEBUG] cheese - null
[2021-05-23T11:12:42.533] [DEBUG] cheese - null
[2021-05-23T19:16:49.598] [DEBUG] cheese - login => username:admin,password:123456
[2021-05-23T19:16:49.627] [DEBUG] cheese - admin
[2021-05-23T19:16:49.654] [DEBUG] cheese - null
[2021-05-23T19:16:49.657] [DEBUG] cheese - null
[2021-05-23T19:17:25.584] [DEBUG] cheese - login => username:admin,password:123456
[2021-05-23T19:17:25.584] [DEBUG] cheese - admin
[2021-05-23T19:17:25.588] [DEBUG] cheese - null
[2021-05-23T19:17:25.589] [DEBUG] cheese - null
[2021-05-23T19:24:36.721] [DEBUG] cheese - login => username:admin,password:123456
[2021-05-23T19:24:36.724] [DEBUG] cheese - admin
[2021-05-23T19:24:36.774] [DEBUG] cheese - null
[2021-05-23T19:24:36.775] [DEBUG] cheese - null
[2021-05-23T22:52:45.637] [DEBUG] cheese - login => username:admin,password:123456
[2021-05-23T22:52:45.644] [DEBUG] cheese - admin
[2021-05-23T22:52:45.680] [DEBUG] cheese - null
[2021-05-23T22:52:45.680] [DEBUG] cheese - null
[2021-05-23T22:56:27.394] [DEBUG] cheese - login => username:admin,password:123456
[2021-05-23T22:56:27.394] [DEBUG] cheese - admin
[2021-05-23T22:56:27.400] [DEBUG] cheese - null
[2021-05-23T22:56:27.400] [DEBUG] cheese - null
[2021-05-23T22:56:42.728] [DEBUG] cheese - login => username:admin,password:123456
[2021-05-23T22:56:42.728] [DEBUG] cheese - admin
[2021-05-23T22:56:42.733] [DEBUG] cheese - null
[2021-05-23T22:56:42.734] [DEBUG] cheese - null
[2021-05-23T22:58:09.682] [DEBUG] cheese - login => username:admin,password:123456
[2021-05-23T22:58:09.682] [DEBUG] cheese - admin
[2021-05-23T22:58:09.685] [DEBUG] cheese - null
[2021-05-23T22:58:09.685] [DEBUG] cheese - null
[2021-05-23T23:28:59.987] [DEBUG] cheese - login => username:admin,password:123456
[2021-05-23T23:28:59.993] [DEBUG] cheese - admin
[2021-05-23T23:29:00.010] [DEBUG] cheese - null
[2021-05-23T23:29:00.011] [DEBUG] cheese - null
[2021-05-23T23:29:37.888] [DEBUG] cheese - login => username:admin,password:123456
[2021-05-23T23:29:37.888] [DEBUG] cheese - admin
[2021-05-23T23:29:37.893] [DEBUG] cheese - null
[2021-05-23T23:29:37.893] [DEBUG] cheese - null
[2021-05-24T00:10:33.035] [DEBUG] cheese - login => username:admin,password:123456
[2021-05-24T00:10:33.040] [DEBUG] cheese - admin
[2021-05-24T00:10:33.074] [DEBUG] cheese - null
[2021-05-24T00:10:33.074] [DEBUG] cheese - null
[2021-05-24T00:12:21.108] [DEBUG] cheese - login => username:admin,password:123456
[2021-05-24T00:12:21.108] [DEBUG] cheese - admin
[2021-05-24T00:12:21.114] [DEBUG] cheese - null
[2021-05-24T00:12:21.114] [DEBUG] cheese - null
[2021-05-24T10:46:57.020] [DEBUG] cheese - login => username:admin,password:123456
[2021-05-24T10:46:57.027] [DEBUG] cheese - admin
[2021-05-24T10:46:57.102] [DEBUG] cheese - null
[2021-05-24T10:46:57.102] [DEBUG] cheese - null
[2021-05-24T10:54:02.015] [DEBUG] cheese - login => username:admin,password:123456
[2021-05-24T10:54:02.016] [DEBUG] cheese - admin
[2021-05-24T10:54:02.023] [DEBUG] cheese - null
[2021-05-24T10:54:02.023] [DEBUG] cheese - null
[2021-05-24T10:54:20.618] [DEBUG] cheese - login => username:admin,password:123456
[2021-05-24T10:54:20.618] [DEBUG] cheese - admin
[2021-05-24T10:54:20.632] [DEBUG] cheese - null
[2021-05-24T10:54:20.633] [DEBUG] cheese - null
[2021-05-24T15:57:55.708] [DEBUG] cheese - login => username:admin,password:123456
[2021-05-24T15:57:55.723] [DEBUG] cheese - admin
[2021-05-24T15:57:55.764] [DEBUG] cheese - null
[2021-05-24T15:57:55.768] [DEBUG] cheese - null
[2021-05-25T19:55:32.100] [DEBUG] cheese - login => username:admin,password:123456
[2021-05-25T19:55:32.114] [DEBUG] cheese - admin
[2021-05-25T19:55:32.246] [DEBUG] cheese - null
[2021-05-25T19:55:32.246] [DEBUG] cheese - null
[2021-05-25T20:22:38.652] [DEBUG] cheese - login => username:admin,password:123456
[2021-05-25T20:22:38.660] [DEBUG] cheese - admin
[2021-05-25T20:22:38.738] [DEBUG] cheese - null
[2021-05-25T20:22:38.738] [DEBUG] cheese - null
[2021-05-25T22:08:11.876] [DEBUG] cheese - login => username:admin,password:123456
[2021-05-25T22:08:11.883] [DEBUG] cheese - admin
[2021-05-25T22:08:11.937] [DEBUG] cheese - null
[2021-05-25T22:08:11.938] [DEBUG] cheese - null
[2021-05-25T22:48:38.726] [DEBUG] cheese - login => username:admin,password:123456
[2021-05-25T22:48:38.737] [DEBUG] cheese - admin
[2021-05-25T22:48:38.775] [DEBUG] cheese - null
[2021-05-25T22:48:38.776] [DEBUG] cheese - null
[2021-05-25T22:51:21.654] [DEBUG] cheese - login => username:admin,password:123456
[2021-05-25T22:51:21.654] [DEBUG] cheese - admin
[2021-05-25T22:51:21.664] [DEBUG] cheese - null
[2021-05-25T22:51:21.665] [DEBUG] cheese - null
